2024/03/27 11:24:29 [notice] 1#1: using the "epoll" event method
2024/03/27 11:24:29 [notice] 1#1: nginx/1.25.4
2024/03/27 11:24:29 [notice] 1#1: built by gcc 12.2.0 (Debian 12.2.0-14) 
2024/03/27 11:24:29 [notice] 1#1: OS: Linux 5.15.133.1-microsoft-standard-WSL2
2024/03/27 11:24:29 [notice] 1#1: getrlimit(RLIMIT_NOFILE): 1048576:1048576
2024/03/27 11:24:29 [notice] 1#1: start worker processes
2024/03/27 11:24:29 [notice] 1#1: start worker process 20
2024/03/27 11:24:29 [notice] 1#1: start worker process 21
2024/03/27 11:24:29 [notice] 1#1: start worker process 22
2024/03/27 11:24:29 [notice] 1#1: start worker process 23
2024/03/27 11:24:29 [notice] 1#1: start worker process 24
2024/03/27 11:24:29 [notice] 1#1: start worker process 25
2024/03/27 11:24:29 [notice] 1#1: start worker process 26
2024/03/27 11:24:29 [notice] 1#1: start worker process 27
2024/03/27 11:36:09 [notice] 1#1: signal 3 (SIGQUIT) received, shutting down
2024/03/27 11:36:09 [notice] 22#22: gracefully shutting down
2024/03/27 11:36:09 [notice] 24#24: gracefully shutting down
2024/03/27 11:36:09 [notice] 20#20: gracefully shutting down
2024/03/27 11:36:09 [notice] 27#27: gracefully shutting down
2024/03/27 11:36:09 [notice] 23#23: gracefully shutting down
2024/03/27 11:36:09 [notice] 25#25: gracefully shutting down
2024/03/27 11:36:09 [notice] 21#21: gracefully shutting down
2024/03/27 11:36:09 [notice] 24#24: exiting
2024/03/27 11:36:09 [notice] 27#27: exiting
2024/03/27 11:36:09 [notice] 22#22: exiting
2024/03/27 11:36:09 [notice] 20#20: exiting
2024/03/27 11:36:09 [notice] 23#23: exiting
2024/03/27 11:36:09 [notice] 25#25: exiting
2024/03/27 11:36:09 [notice] 21#21: exiting
2024/03/27 11:36:09 [notice] 25#25: exit
2024/03/27 11:36:09 [notice] 24#24: exit
2024/03/27 11:36:09 [notice] 27#27: exit
2024/03/27 11:36:09 [notice] 22#22: exit
2024/03/27 11:36:09 [notice] 23#23: exit
2024/03/27 11:36:09 [notice] 20#20: exit
2024/03/27 11:36:09 [notice] 21#21: exit
2024/03/27 11:36:09 [notice] 26#26: gracefully shutting down
2024/03/27 11:36:09 [notice] 26#26: exiting
2024/03/27 11:36:09 [notice] 26#26: exit
2024/03/27 11:36:09 [notice] 1#1: signal 17 (SIGCHLD) received from 20
2024/03/27 11:36:09 [notice] 1#1: worker process 20 exited with code 0
2024/03/27 11:36:09 [notice] 1#1: signal 29 (SIGIO) received
2024/03/27 11:36:09 [notice] 1#1: signal 17 (SIGCHLD) received from 21
2024/03/27 11:36:09 [notice] 1#1: worker process 21 exited with code 0
2024/03/27 11:36:09 [notice] 1#1: worker process 22 exited with code 0
2024/03/27 11:36:09 [notice] 1#1: signal 29 (SIGIO) received
2024/03/27 11:36:09 [notice] 1#1: signal 17 (SIGCHLD) received from 22
2024/03/27 11:36:09 [notice] 1#1: worker process 24 exited with code 0
2024/03/27 11:36:09 [notice] 1#1: signal 29 (SIGIO) received
2024/03/27 11:36:09 [notice] 1#1: signal 17 (SIGCHLD) received from 24
2024/03/27 11:36:09 [notice] 1#1: signal 17 (SIGCHLD) received from 23
2024/03/27 11:36:09 [notice] 1#1: worker process 23 exited with code 0
2024/03/27 11:36:09 [notice] 1#1: worker process 25 exited with code 0
2024/03/27 11:36:09 [notice] 1#1: worker process 26 exited with code 0
2024/03/27 11:36:09 [notice] 1#1: worker process 27 exited with code 0
2024/03/27 11:36:09 [notice] 1#1: exit
2024/03/28 04:59:26 [notice] 1#1: using the "epoll" event method
2024/03/28 04:59:26 [notice] 1#1: nginx/1.25.4
2024/03/28 04:59:26 [notice] 1#1: built by gcc 12.2.0 (Debian 12.2.0-14) 
2024/03/28 04:59:26 [notice] 1#1: OS: Linux 5.15.133.1-microsoft-standard-WSL2
2024/03/28 04:59:26 [notice] 1#1: getrlimit(RLIMIT_NOFILE): 1048576:1048576
2024/03/28 04:59:26 [notice] 1#1: start worker processes
2024/03/28 04:59:26 [notice] 1#1: start worker process 20
2024/03/28 04:59:26 [notice] 1#1: start worker process 21
2024/03/28 04:59:26 [notice] 1#1: start worker process 22
2024/03/28 04:59:26 [notice] 1#1: start worker process 23
2024/03/28 04:59:26 [notice] 1#1: start worker process 24
2024/03/28 04:59:26 [notice] 1#1: start worker process 25
2024/03/28 04:59:26 [notice] 1#1: start worker process 26
2024/03/28 04:59:26 [notice] 1#1: start worker process 27
2024/03/28 05:00:29 [notice] 1#1: signal 3 (SIGQUIT) received, shutting down
2024/03/28 05:00:29 [notice] 24#24: gracefully shutting down
2024/03/28 05:00:29 [notice] 25#25: gracefully shutting down
2024/03/28 05:00:29 [notice] 21#21: gracefully shutting down
2024/03/28 05:00:29 [notice] 27#27: gracefully shutting down
2024/03/28 05:00:29 [notice] 26#26: gracefully shutting down
2024/03/28 05:00:29 [notice] 24#24: exiting
2024/03/28 05:00:29 [notice] 25#25: exiting
2024/03/28 05:00:29 [notice] 21#21: exiting
2024/03/28 05:00:29 [notice] 27#27: exiting
2024/03/28 05:00:29 [notice] 22#22: gracefully shutting down
2024/03/28 05:00:29 [notice] 26#26: exiting
2024/03/28 05:00:29 [notice] 25#25: exit
2024/03/28 05:00:29 [notice] 21#21: exit
2024/03/28 05:00:29 [notice] 27#27: exit
2024/03/28 05:00:29 [notice] 24#24: exit
2024/03/28 05:00:29 [notice] 26#26: exit
2024/03/28 05:00:29 [notice] 23#23: gracefully shutting down
2024/03/28 05:00:29 [notice] 23#23: exiting
2024/03/28 05:00:29 [notice] 23#23: exit
2024/03/28 05:00:29 [notice] 20#20: gracefully shutting down
2024/03/28 05:00:29 [notice] 20#20: exiting
2024/03/28 05:00:29 [notice] 20#20: exit
2024/03/28 05:00:29 [notice] 1#1: signal 17 (SIGCHLD) received from 25
2024/03/28 05:00:29 [notice] 1#1: worker process 24 exited with code 0
2024/03/28 05:00:29 [notice] 1#1: worker process 21 exited with code 0
2024/03/28 05:00:29 [notice] 1#1: worker process 25 exited with code 0
2024/03/28 05:00:29 [notice] 1#1: worker process 26 exited with code 0
2024/03/28 05:00:29 [notice] 1#1: signal 29 (SIGIO) received
2024/03/28 05:00:29 [notice] 1#1: signal 17 (SIGCHLD) received from 24
2024/03/28 05:00:29 [notice] 1#1: signal 17 (SIGCHLD) received from 27
2024/03/28 05:00:29 [notice] 1#1: worker process 20 exited with code 0
2024/03/28 05:00:29 [notice] 1#1: worker process 23 exited with code 0
2024/03/28 05:00:29 [notice] 1#1: worker process 27 exited with code 0
2024/03/28 05:00:29 [notice] 1#1: signal 29 (SIGIO) received
2024/03/28 05:00:34 [notice] 22#22: exiting
2024/03/28 05:00:34 [notice] 22#22: exit
2024/03/28 05:00:35 [notice] 1#1: signal 17 (SIGCHLD) received from 22
2024/03/28 05:00:35 [notice] 1#1: worker process 22 exited with code 0
2024/03/28 05:00:35 [notice] 1#1: exit
